#
# A fatal error has been detected by the Java Runtime Environment:
#
#  Internal Error (safepoint.cpp:919), pid=8986, tid=31747
#  fatal error: Illegal threadstate encountered: 4
#
# JRE version: Java(TM) SE Runtime Environment 18.9 (11.0.8+10) (build 11.0.8+10-LTS)
# Java VM: Java HotSpot(TM) 64-Bit Server VM 18.9 (11.0.8+10-LTS, mixed mode, tiered, compressed oops, g1 gc, bsd-amd64)
# No core dump will be written. Core dumps have been disabled. To enable core dumping, try "ulimit -c unlimited" before starting Java again
#
# If you would like to submit a bug report, please visit:
#   https://bugreport.java.com/bugreport/crash.jsp
# The crash happened outside the Java Virtual Machine in native code.
# See problematic frame for where to report the bug.
#

---------------  S U M M A R Y ------------

Command Line: --module-path=/Users/diegomartinez/Documents/GitHub/ED_Photos_P1/target/classes:/Users/diegomartinez/.m2/repository/org/openjfx/javafx-base/13/javafx-base-13-mac.jar:/Users/diegomartinez/.m2/repository/org/openjfx/javafx-controls/13/javafx-controls-13-mac.jar:/Users/diegomartinez/.m2/repository/org/openjfx/javafx-fxml/13/javafx-fxml-13-mac.jar:/Users/diegomartinez/.m2/repository/org/openjfx/javafx-graphics/13/javafx-graphics-13-mac.jar --add-modules=com.mycompany.proyecto_ed_photos_p1 -Djdk.module.main=com.mycompany.proyecto_ed_photos_p1 com.mycompany.proyecto_ed_photos_p1/com.mycompany.proyecto_ed_photos_p1.App

Host: MacBookAir10,1 x86_64 2400 MHz, 8 cores, 8G, Darwin 21.1.0
Time: Sat Jul  9 20:06:02 2022 -05 elapsed time: 150 seconds (0d 0h 2m 30s)

---------------  T H R E A D  ---------------

Current thread (0x00007fbbf523d800):  JavaThread "InvokeLaterDispatcher" daemon [_thread_in_native, id=31747, stack(0x000000030de8f000,0x000000030df8f000)]

Stack: [0x000000030de8f000,0x000000030df8f000],  sp=0x000000030df8d2a0,  free space=1016k
Native frames: (J=compiled Java code, A=aot compiled Java code, j=interpreted, Vv=VM code, C=native code)
V  [libjvm.dylib+0x785b9a]  _ZN7VMError14report_and_dieEiPKcS1_P13__va_list_tagP6ThreadPhPvS7_S1_im+0x63c
V  [libjvm.dylib+0x78621d]  _ZN7VMError14report_and_dieEP6ThreadPvPKciS4_S4_P13__va_list_tag+0x47
V  [libjvm.dylib+0x2650aa]  _Z12report_fatalPKciS0_z+0xb5
V  [libjvm.dylib+0x6a5799]  _ZN20SafepointSynchronize5blockEP10JavaThread+0x1cf
V  [libjvm.dylib+0x734a3a]  _ZN10JavaThread44check_safepoint_and_suspend_for_native_transEPS_+0xaa
V  [libjvm.dylib+0x3d7f9c]  jni_DeleteGlobalRef+0x93
C  [libglass.dylib+0x8e55]  -[GlassRunnable dealloc]+0x35
C  [Foundation+0x8210b]  -[_NSThreadPerformInfo dealloc]+0x2a
C  [Foundation+0x4edc7]  -[NSObject(NSThreadPerformAdditions) performSelectorOnMainThread:withObject:waitUntilDone:]+0x7c
J 3446  com.sun.glass.ui.mac.MacApplication._submitForLaterInvocation(Ljava/lang/Runnable;)V javafx.graphics (0 bytes) @ 0x000000011fb19b0c [0x000000011fb19a40+0x00000000000000cc]
J 3747 c1 com.sun.glass.ui.mac.MacApplication.submitForLaterInvocation(Ljava/lang/Runnable;)V javafx.graphics (6 bytes) @ 0x0000000118cbc2b4 [0x0000000118cbc240+0x0000000000000074]
j  com.sun.glass.ui.InvokeLaterDispatcher.run()V+82 javafx.graphics
v  ~StubRoutines::call_stub
V  [libjvm.dylib+0x39c9da]  _ZN9JavaCalls11call_helperEP9JavaValueRK12methodHandleP17JavaCallArgumentsP6Thread+0x21a
V  [libjvm.dylib+0x39be40]  _ZN9JavaCalls12call_virtualEP9JavaValueP5KlassP6SymbolS5_P17JavaCallArgumentsP6Thread+0xee
V  [libjvm.dylib+0x39befc]  _ZN9JavaCalls12call_virtualEP9JavaValue6HandleP5KlassP6SymbolS6_P6Thread+0x62
V  [libjvm.dylib+0x420ee8]  _ZL12thread_entryP10JavaThreadP6Thread+0x78
V  [libjvm.dylib+0x733412]  _ZN10JavaThread17thread_main_innerEv+0x82
V  [libjvm.dylib+0x73325d]  _ZN10JavaThread3runEv+0x1a3
V  [libjvm.dylib+0x731068]  _ZN6Thread8call_runEv+0x60
V  [libjvm.dylib+0x635e47]  _ZL19thread_native_entryP6Thread+0x139
C  [libsystem_pthread.dylib+0x6514]  _pthread_start+0x7d
C  [libsystem_pthread.dylib+0x202f]  thread_start+0xf

Java frames: (J=compiled Java code, j=interpreted, Vv=VM code)
J 3446  com.sun.glass.ui.mac.MacApplication._submitForLaterInvocation(Ljava/lang/Runnable;)V javafx.graphics (0 bytes) @ 0x000000011fb19a9c [0x000000011fb19a40+0x000000000000005c]
J 3747 c1 com.sun.glass.ui.mac.MacApplication.submitForLaterInvocation(Ljava/lang/Runnable;)V javafx.graphics (6 bytes) @ 0x0000000118cbc2b4 [0x0000000118cbc240+0x0000000000000074]
j  com.sun.glass.ui.InvokeLaterDispatcher.run()V+82 javafx.graphics
v  ~StubRoutines::call_stub

---------------  P R O C E S S  ---------------

Threads class SMR info:
_java_thread_list=0x0000600003b343a0, length=16, elements={
0x00007fbbf500a000, 0x00007fbbd380f800, 0x00007fbbd3814800, 0x00007fbbf5077000,
0x00007fbbf507a000, 0x00007fbbf507b000, 0x00007fbbf507b800, 0x00007fbbf4895800,
0x00007fbbf4984800, 0x00007fbbf3813000, 0x00007fbbf523d800, 0x00007fbbf4a6d800,
0x00007fbbd392a000, 0x00007fbbb4ad5000, 0x00007fbbf4f59800, 0x00007fbbb4061800
}

Java Threads: ( => current thread )
  0x00007fbbf500a000 JavaThread "main" [_thread_blocked, id=9219, stack(0x000000030cbc3000,0x000000030ccc3000)]
  0x00007fbbd380f800 JavaThread "Reference Handler" daemon [_thread_blocked, id=15363, stack(0x000000030d2d8000,0x000000030d3d8000)]
  0x00007fbbd3814800 JavaThread "Finalizer" daemon [_thread_blocked, id=16131, stack(0x000000030d3db000,0x000000030d4db000)]
  0x00007fbbf5077000 JavaThread "Signal Dispatcher" daemon [_thread_blocked, id=23299, stack(0x000000030d677000,0x000000030d777000)]
  0x00007fbbf507a000 JavaThread "C2 CompilerThread0" daemon [_thread_blocked, id=41219, stack(0x000000030d77a000,0x000000030d87a000)]
  0x00007fbbf507b000 JavaThread "C1 CompilerThread0" daemon [_thread_blocked, id=24323, stack(0x000000030d87d000,0x000000030d97d000)]
  0x00007fbbf507b800 JavaThread "Sweeper thread" daemon [_thread_blocked, id=24835, stack(0x000000030d980000,0x000000030da80000)]
  0x00007fbbf4895800 JavaThread "Common-Cleaner" daemon [_thread_blocked, id=25603, stack(0x000000030da83000,0x000000030db83000)]
  0x00007fbbf4984800 JavaThread "Service Thread" daemon [_thread_blocked, id=38403, stack(0x000000030db86000,0x000000030dc86000)]
  0x00007fbbf3813000 JavaThread "QuantumRenderer-0" daemon [_thread_blocked, id=26627, stack(0x000000030dd8c000,0x000000030de8c000)]
=>0x00007fbbf523d800 JavaThread "InvokeLaterDispatcher" daemon [_thread_in_native, id=31747, stack(0x000000030de8f000,0x000000030df8f000)]
  0x00007fbbf4a6d800 JavaThread "JavaFX Application Thread" [_thread_in_native_trans, id=259, stack(0x000000030c340000,0x000000030cb40000)]
  0x00007fbbd392a000 JavaThread "JavaFX-Launcher" [_thread_blocked, id=72199, stack(0x000000030e098000,0x000000030e198000)]
  0x00007fbbb4ad5000 JavaThread "Prism Font Disposer" daemon [_thread_blocked, id=67411, stack(0x000000030e732000,0x000000030e832000)]
  0x00007fbbf4f59800 JavaThread "Cleaner-0" daemon [_thread_blocked, id=171011, stack(0x000000030e9bf000,0x000000030eabf000)]
  0x00007fbbb4061800 JavaThread "PulseTimer-CVDisplayLink thread" daemon [_thread_in_native, id=170719, stack(0x000000030df92000,0x000000030e012000)]

Other Threads:
  0x00007fbbf5069800 VMThread "VM Thread" [stack: 0x000000030d1d5000,0x000000030d2d5000] [id=14851]
  0x00007fbbf4896800 WatcherThread [stack: 0x000000030dc89000,0x000000030dd89000] [id=38003]
  0x00007fbbf480d000 GCTaskThread "GC Thread#0" [stack: 0x000000030ccc6000,0x000000030cdc6000] [id=19715]
  0x00007fbbf5329000 GCTaskThread "GC Thread#1" [stack: 0x000000030e223000,0x000000030e323000] [id=50519]
  0x00007fbbf5332000 GCTaskThread "GC Thread#2" [stack: 0x000000030e326000,0x000000030e426000] [id=79623]
  0x00007fbbf534b000 GCTaskThread "GC Thread#3" [stack: 0x000000030e429000,0x000000030e529000] [id=50855]
  0x00007fbbf534b800 GCTaskThread "GC Thread#4" [stack: 0x000000030e52c000,0x000000030e62c000] [id=58115]
  0x00007fbbf534c800 GCTaskThread "GC Thread#5" [stack: 0x000000030e62f000,0x000000030e72f000] [id=70659]
  0x00007fbbf482d800 ConcurrentGCThread "G1 Main Marker" [stack: 0x000000030cdc9000,0x000000030cec9000] [id=19459]
  0x00007fbbf482e000 ConcurrentGCThread "G1 Conc#0" [stack: 0x000000030cecc000,0x000000030cfcc000] [id=18947]
  0x00007fbbf39a1000 ConcurrentGCThread "G1 Conc#1" [stack: 0x000000030e835000,0x000000030e935000] [id=61271]
  0x00007fbbf488f000 ConcurrentGCThread "G1 Refine#0" [stack: 0x000000030cfcf000,0x000000030d0cf000] [id=13827]
  0x00007fbbf500b000 ConcurrentGCThread "G1 Young RemSet Sampling" [stack: 0x000000030d0d2000,0x000000030d1d2000] [id=14083]

Threads with active compile tasks:

VM state:not at safepoint (normal execution)

VM Mutex/Monitor currently owned by a thread: None

Heap address: 0x0000000780000000, size: 2048 MB, Compressed Oops mode: Zero based, Oop shift amount: 3
Narrow klass base: 0x0000000800000000, Narrow klass shift: 0
Compressed class space size: 1073741824 Address: 0x0000000800000000

Heap:
 garbage-first heap   total 131072K, used 40476K [0x0000000780000000, 0x0000000800000000)
  region size 1024K, 7 young (7168K), 5 survivors (5120K)
 Metaspace       used 30012K, capacity 31394K, committed 31616K, reserved 1077248K
  class space    used 3837K, capacity 4409K, committed 4480K, reserved 1048576K
Heap Regions: E=young(eden), S=young(survivor), O=old, HS=humongous(starts), HC=humongous(continues), CS=collection set, F=free, A=archive, TAMS=top-at-mark-start (previous, next)
|   0|0x0000000780000000, 0x0000000780100000, 0x0000000780100000|100%| O|  |TAMS 0x0000000780100000, 0x0000000780000000| Untracked 
|   1|0x0000000780100000, 0x0000000780200000, 0x0000000780200000|100%|HS|  |TAMS 0x0000000780100000, 0x0000000780100000| Complete 
|   2|0x0000000780200000, 0x0000000780300000, 0x0000000780300000|100%|HC|  |TAMS 0x0000000780200000, 0x0000000780200000| Complete 
|   3|0x0000000780300000, 0x0000000780400000, 0x0000000780400000|100%|HC|  |TAMS 0x0000000780300000, 0x0000000780300000| Complete 
|   4|0x0000000780400000, 0x0000000780400000, 0x0000000780500000|  0%| F|  |TAMS 0x0000000780400000, 0x0000000780400000| Untracked 
|   5|0x0000000780500000, 0x0000000780600000, 0x0000000780600000|100%| O|  |TAMS 0x0000000780600000, 0x0000000780500000| Untracked 
|   6|0x0000000780600000, 0x0000000780600000, 0x0000000780700000|  0%| F|  |TAMS 0x0000000780600000, 0x0000000780600000| Untracked 
|   7|0x0000000780700000, 0x0000000780700000, 0x0000000780800000|  0%| F|  |TAMS 0x0000000780700000, 0x0000000780700000| Untracked 
|   8|0x0000000780800000, 0x0000000780800000, 0x0000000780900000|  0%| F|  |TAMS 0x0000000780800000, 0x0000000780800000| Untracked 
|   9|0x0000000780900000, 0x0000000780900000, 0x0000000780a00000|  0%| F|  |TAMS 0x0000000780900000, 0x0000000780900000| Untracked 
|  10|0x0000000780a00000, 0x0000000780a00000, 0x0000000780b00000|  0%| F|  |TAMS 0x0000000780a00000, 0x0000000780a00000| Untracked 
|  11|0x0000000780b00000, 0x0000000780b00000, 0x0000000780c00000|  0%| F|  |TAMS 0x0000000780b00000, 0x0000000780b00000| Untracked 
|  12|0x0000000780c00000, 0x0000000780c00000, 0x0000000780d00000|  0%| F|  |TAMS 0x0000000780c00000, 0x0000000780c00000| Untracked 
|  13|0x0000000780d00000, 0x0000000780d00000, 0x0000000780e00000|  0%| F|  |TAMS 0x0000000780d00000, 0x0000000780d00000| Untracked 
|  14|0x0000000780e00000, 0x0000000780e00000, 0x0000000780f00000|  0%| F|  |TAMS 0x0000000780e00000, 0x0000000780e00000| Untracked 
|  15|0x0000000780f00000, 0x0000000781000000, 0x0000000781000000|100%|HS|  |TAMS 0x0000000781000000, 0x0000000780f00000| Complete 
|  16|0x0000000781000000, 0x0000000781100000, 0x0000000781100000|100%|HC|  |TAMS 0x0000000781100000, 0x0000000781000000| Complete 
|  17|0x0000000781100000, 0x0000000781200000, 0x0000000781200000|100%|HC|  |TAMS 0x0000000781200000, 0x0000000781100000| Complete 
|  18|0x0000000781200000, 0x0000000781300000, 0x0000000781300000|100%|HS|  |TAMS 0x0000000781300000, 0x0000000781200000| Complete 
|  19|0x0000000781300000, 0x0000000781400000, 0x0000000781400000|100%|HC|  |TAMS 0x0000000781400000, 0x0000000781300000| Complete 
|  20|0x0000000781400000, 0x0000000781500000, 0x0000000781500000|100%|HC|  |TAMS 0x0000000781500000, 0x0000000781400000| Complete 
|  21|0x0000000781500000, 0x0000000781500000, 0x0000000781600000|  0%| F|  |TAMS 0x0000000781500000, 0x0000000781500000| Untracked 
|  22|0x0000000781600000, 0x0000000781600000, 0x0000000781700000|  0%| F|  |TAMS 0x0000000781600000, 0x0000000781600000| Untracked 
|  23|0x0000000781700000, 0x0000000781700000, 0x0000000781800000|  0%| F|  |TAMS 0x0000000781700000, 0x0000000781700000| Untracked 
|  24|0x0000000781800000, 0x0000000781800000, 0x0000000781900000|  0%| F|  |TAMS 0x0000000781800000, 0x0000000781800000| Untracked 
|  25|0x0000000781900000, 0x0000000781900000, 0x0000000781a00000|  0%| F|  |TAMS 0x0000000781900000, 0x0000000781900000| Untracked 
|  26|0x0000000781a00000, 0x0000000781a00000, 0x0000000781b00000|  0%| F|  |TAMS 0x0000000781a00000, 0x0000000781a00000| Untracked 
|  27|0x0000000781b00000, 0x0000000781c00000, 0x0000000781c00000|100%|HS|  |TAMS 0x0000000781c00000, 0x0000000781b00000| Complete 
|  28|0x0000000781c00000, 0x0000000781d00000, 0x0000000781d00000|100%|HC|  |TAMS 0x0000000781d00000, 0x0000000781c00000| Complete 
|  29|0x0000000781d00000, 0x0000000781e00000, 0x0000000781e00000|100%|HC|  |TAMS 0x0000000781e00000, 0x0000000781d00000| Complete 
|  30|0x0000000781e00000, 0x0000000781f00000, 0x0000000781f00000|100%|HS|  |TAMS 0x0000000781f00000, 0x0000000781e00000| Complete 
|  31|0x0000000781f00000, 0x0000000782000000, 0x0000000782000000|100%|HC|  |TAMS 0x0000000782000000, 0x0000000781f00000| Complete 
|  32|0x0000000782000000, 0x0000000782100000, 0x0000000782100000|100%|HC|  |TAMS 0x0000000782100000, 0x0000000782000000| Complete 
|  33|0x0000000782100000, 0x0000000782100000, 0x0000000782200000|  0%| F|  |TAMS 0x0000000782100000, 0x0000000782100000| Untracked 
|  34|0x0000000782200000, 0x0000000782200000, 0x0000000782300000|  0%| F|  |TAMS 0x0000000782200000, 0x0000000782200000| Untracked 
|  35|0x0000000782300000, 0x0000000782300000, 0x0000000782400000|  0%| F|  |TAMS 0x0000000782300000, 0x0000000782300000| Untracked 
|  36|0x0000000782400000, 0x0000000782500000, 0x0000000782500000|100%| O|  |TAMS 0x0000000782500000, 0x0000000782400000| Untracked 
|  37|0x0000000782500000, 0x0000000782507800, 0x0000000782600000|  2%| O|  |TAMS 0x0000000782507800, 0x0000000782500000| Untracked 
|  38|0x0000000782600000, 0x0000000782600000, 0x0000000782700000|  0%| F|  |TAMS 0x0000000782600000, 0x0000000782600000| Untracked 
|  39|0x0000000782700000, 0x0000000782800000, 0x0000000782800000|100%|HS|  |TAMS 0x0000000782800000, 0x0000000782700000| Complete 
|  40|0x0000000782800000, 0x0000000782900000, 0x0000000782900000|100%|HC|  |TAMS 0x0000000782900000, 0x0000000782800000| Complete 
|  41|0x0000000782900000, 0x0000000782a00000, 0x0000000782a00000|100%|HC|  |TAMS 0x0000000782a00000, 0x0000000782900000| Complete 
|  42|0x0000000782a00000, 0x0000000782b00000, 0x0000000782b00000|100%|HS|  |TAMS 0x0000000782b00000, 0x0000000782a00000| Complete 
|  43|0x0000000782b00000, 0x0000000782c00000, 0x0000000782c00000|100%|HC|  |TAMS 0x0000000782c00000, 0x0000000782b00000| Complete 
|  44|0x0000000782c00000, 0x0000000782d00000, 0x0000000782d00000|100%|HC|  |TAMS 0x0000000782d00000, 0x0000000782c00000| Complete 
|  45|0x0000000782d00000, 0x0000000782d00000, 0x0000000782e00000|  0%| F|  |TAMS 0x0000000782d00000, 0x0000000782d00000| Untracked 
|  46|0x0000000782e00000, 0x0000000782e00000, 0x0000000782f00000|  0%| F|  |TAMS 0x0000000782e00000, 0x0000000782e00000| Untracked 
|  47|0x0000000782f00000, 0x0000000782f00000, 0x0000000783000000|  0%| F|  |TAMS 0x0000000782f00000, 0x0000000782f00000| Untracked 
|  48|0x0000000783000000, 0x0000000783000000, 0x0000000783100000|  0%| F|  |TAMS 0x0000000783000000, 0x0000000783000000| Untracked 
|  49|0x0000000783100000, 0x0000000783100000, 0x0000000783200000|  0%| F|  |TAMS 0x0000000783100000, 0x0000000783100000| Untracked 
|  50|0x0000000783200000, 0x0000000783200000, 0x0000000783300000|  0%| F|  |TAMS 0x0000000783200000, 0x0000000783200000| Untracked 
|  51|0x0000000783300000, 0x0000000783400000, 0x0000000783400000|100%|HS|  |TAMS 0x0000000783400000, 0x0000000783300000| Complete 
|  52|0x0000000783400000, 0x0000000783500000, 0x0000000783500000|100%|HC|  |TAMS 0x0000000783500000, 0x0000000783400000| Complete 
|  53|0x0000000783500000, 0x0000000783600000, 0x0000000783600000|100%|HC|  |TAMS 0x0000000783600000, 0x0000000783500000| Complete 
|  54|0x0000000783600000, 0x0000000783700000, 0x0000000783700000|100%|HC|  |TAMS 0x0000000783700000, 0x0000000783600000| Complete 
|  55|0x0000000783700000, 0x0000000783700000, 0x0000000783800000|  0%| F|  |TAMS 0x0000000783700000, 0x0000000783700000| Untracked 
|  56|0x0000000783800000, 0x0000000783800000, 0x0000000783900000|  0%| F|  |TAMS 0x0000000783800000, 0x0000000783800000| Untracked 
|  57|0x0000000783900000, 0x0000000783a00000, 0x0000000783a00000|100%| O|  |TAMS 0x0000000783a00000, 0x0000000783900000| Untracked 
|  58|0x0000000783a00000, 0x0000000783b00000, 0x0000000783b00000|100%| O|  |TAMS 0x0000000783b00000, 0x0000000783a00000| Untracked 
|  59|0x0000000783b00000, 0x0000000783c00000, 0x0000000783c00000|100%| O|  |TAMS 0x0000000783c00000, 0x0000000783b00000| Untracked 
|  60|0x0000000783c00000, 0x0000000783d00000, 0x0000000783d00000|100%| O|  |TAMS 0x0000000783d00000, 0x0000000783c00000| Untracked 
|  61|0x0000000783d00000, 0x0000000783e00000, 0x0000000783e00000|100%| O|  |TAMS 0x0000000783e00000, 0x0000000783d00000| Untracked 
|  62|0x0000000783e00000, 0x0000000783f00000, 0x0000000783f00000|100%| O|  |TAMS 0x0000000783f00000, 0x0000000783e00000| Untracked 
|  63|0x0000000783f00000, 0x0000000783f00000, 0x0000000784000000|  0%| F|  |TAMS 0x0000000783f00000, 0x0000000783f00000| Untracked 
|  64|0x0000000784000000, 0x0000000784000000, 0x0000000784100000|  0%| F|  |TAMS 0x0000000784000000, 0x0000000784000000| Untracked 
|  65|0x0000000784100000, 0x0000000784100000, 0x0000000784200000|  0%| F|  |TAMS 0x0000000784100000, 0x0000000784100000| Untracked 
|  66|0x0000000784200000, 0x0000000784200000, 0x0000000784300000|  0%| F|  |TAMS 0x0000000784200000, 0x0000000784200000| Untracked 
|  67|0x0000000784300000, 0x0000000784300000, 0x0000000784400000|  0%| F|  |TAMS 0x0000000784300000, 0x0000000784300000| Untracked 
|  68|0x0000000784400000, 0x0000000784400000, 0x0000000784500000|  0%| F|  |TAMS 0x0000000784400000, 0x0000000784400000| Untracked 
|  69|0x0000000784500000, 0x0000000784500000, 0x0000000784600000|  0%| F|  |TAMS 0x0000000784500000, 0x0000000784500000| Untracked 
|  70|0x0000000784600000, 0x0000000784600000, 0x0000000784700000|  0%| F|  |TAMS 0x0000000784600000, 0x0000000784600000| Untracked 
|  71|0x0000000784700000, 0x0000000784700000, 0x0000000784800000|  0%| F|  |TAMS 0x0000000784700000, 0x0000000784700000| Untracked 
|  72|0x0000000784800000, 0x0000000784800000, 0x0000000784900000|  0%| F|  |TAMS 0x0000000784800000, 0x0000000784800000| Untracked 
|  73|0x0000000784900000, 0x0000000784900000, 0x0000000784a00000|  0%| F|  |TAMS 0x0000000784900000, 0x0000000784900000| Untracked 
|  74|0x0000000784a00000, 0x0000000784a00000, 0x0000000784b00000|  0%| F|  |TAMS 0x0000000784a00000, 0x0000000784a00000| Untracked 
|  75|0x0000000784b00000, 0x0000000784b00000, 0x0000000784c00000|  0%| F|  |TAMS 0x0000000784b00000, 0x0000000784b00000| Untracked 
|  76|0x0000000784c00000, 0x0000000784c00000, 0x0000000784d00000|  0%| F|  |TAMS 0x0000000784c00000, 0x0000000784c00000| Untracked 
|  77|0x0000000784d00000, 0x0000000784d00000, 0x0000000784e00000|  0%| F|  |TAMS 0x0000000784d00000, 0x0000000784d00000| Untracked 
|  78|0x0000000784e00000, 0x0000000784e00000, 0x0000000784f00000|  0%| F|  |TAMS 0x0000000784e00000, 0x0000000784e00000| Untracked 
|  79|0x0000000784f00000, 0x0000000784f00000, 0x0000000785000000|  0%| F|  |TAMS 0x0000000784f00000, 0x0000000784f00000| Untracked 
|  80|0x0000000785000000, 0x0000000785000000, 0x0000000785100000|  0%| F|  |TAMS 0x0000000785000000, 0x0000000785000000| Untracked 
|  81|0x0000000785100000, 0x0000000785100000, 0x0000000785200000|  0%| F|  |TAMS 0x0000000785100000, 0x0000000785100000| Untracked 
|  82|0x0000000785200000, 0x0000000785200000, 0x0000000785300000|  0%| F|  |TAMS 0x0000000785200000, 0x0000000785200000| Untracked 
|  83|0x0000000785300000, 0x0000000785300000, 0x0000000785400000|  0%| F|  |TAMS 0x0000000785300000, 0x0000000785300000| Untracked 
|  84|0x0000000785400000, 0x0000000785400000, 0x0000000785500000|  0%| F|  |TAMS 0x0000000785400000, 0x0000000785400000| Untracked 
|  85|0x0000000785500000, 0x0000000785500000, 0x0000000785600000|  0%| F|  |TAMS 0x0000000785500000, 0x0000000785500000| Untracked 
|  86|0x0000000785600000, 0x0000000785600000, 0x0000000785700000|  0%| F|  |TAMS 0x0000000785600000, 0x0000000785600000| Untracked 
|  87|0x0000000785700000, 0x0000000785700000, 0x0000000785800000|  0%| F|  |TAMS 0x0000000785700000, 0x0000000785700000| Untracked 
|  88|0x0000000785800000, 0x000000078587f8c8, 0x0000000785900000| 49%| S|CS|TAMS 0x0000000785800000, 0x0000000785800000| Complete 
|  89|0x0000000785900000, 0x0000000785a00000, 0x0000000785a00000|100%| S|CS|TAMS 0x0000000785900000, 0x0000000785900000| Complete 
|  90|0x0000000785a00000, 0x0000000785b00000, 0x0000000785b00000|100%| S|CS|TAMS 0x0000000785a00000, 0x0000000785a00000| Complete 
|  91|0x0000000785b00000, 0x0000000785c00000, 0x0000000785c00000|100%| S|CS|TAMS 0x0000000785b00000, 0x0000000785b00000| Complete 
|  92|0x0000000785c00000, 0x0000000785d00000, 0x0000000785d00000|100%| S|CS|TAMS 0x0000000785c00000, 0x0000000785c00000| Complete 
|  93|0x0000000785d00000, 0x0000000785d00000, 0x0000000785e00000|  0%| F|  |TAMS 0x0000000785d00000, 0x0000000785d00000| Untracked 
|  94|0x0000000785e00000, 0x0000000785e00000, 0x0000000785f00000|  0%| F|  |TAMS 0x0000000785e00000, 0x0000000785e00000| Untracked 
|  95|0x0000000785f00000, 0x0000000785f00000, 0x0000000786000000|  0%| F|  |TAMS 0x0000000785f00000, 0x0000000785f00000| Untracked 
|  96|0x0000000786000000, 0x0000000786000000, 0x0000000786100000|  0%| F|  |TAMS 0x0000000786000000, 0x0000000786000000| Untracked 
|  97|0x0000000786100000, 0x0000000786100000, 0x0000000786200000|  0%| F|  |TAMS 0x0000000786100000, 0x0000000786100000| Untracked 
|  98|0x0000000786200000, 0x0000000786200000, 0x0000000786300000|  0%| F|  |TAMS 0x0000000786200000, 0x0000000786200000| Untracked 
|  99|0x0000000786300000, 0x0000000786300000, 0x0000000786400000|  0%| F|  |TAMS 0x0000000786300000, 0x0000000786300000| Untracked 
| 100|0x0000000786400000, 0x0000000786400000, 0x0000000786500000|  0%| F|  |TAMS 0x0000000786400000, 0x0000000786400000| Untracked 
| 101|0x0000000786500000, 0x0000000786500000, 0x0000000786600000|  0%| F|  |TAMS 0x0000000786500000, 0x0000000786500000| Untracked 
| 102|0x0000000786600000, 0x0000000786600000, 0x0000000786700000|  0%| F|  |TAMS 0x0000000786600000, 0x0000000786600000| Untracked 
| 103|0x0000000786700000, 0x0000000786700000, 0x0000000786800000|  0%| F|  |TAMS 0x0000000786700000, 0x0000000786700000| Untracked 
| 104|0x0000000786800000, 0x0000000786800000, 0x0000000786900000|  0%| F|  |TAMS 0x0000000786800000, 0x0000000786800000| Untracked 
| 105|0x0000000786900000, 0x0000000786900000, 0x0000000786a00000|  0%| F|  |TAMS 0x0000000786900000, 0x0000000786900000| Untracked 
| 106|0x0000000786a00000, 0x0000000786a00000, 0x0000000786b00000|  0%| F|  |TAMS 0x0000000786a00000, 0x0000000786a00000| Untracked 
| 107|0x0000000786b00000, 0x0000000786b00000, 0x0000000786c00000|  0%| F|  |TAMS 0x0000000786b00000, 0x0000000786b00000| Untracked 
| 108|0x0000000786c00000, 0x0000000786c00000, 0x0000000786d00000|  0%| F|  |TAMS 0x0000000786c00000, 0x0000000786c00000| Untracked 
| 109|0x0000000786d00000, 0x0000000786d00000, 0x0000000786e00000|  0%| F|  |TAMS 0x0000000786d00000, 0x0000000786d00000| Untracked 
| 110|0x0000000786e00000, 0x0000000786e00000, 0x0000000786f00000|  0%| F|  |TAMS 0x0000000786e00000, 0x0000000786e00000| Untracked 
| 111|0x0000000786f00000, 0x0000000786f00000, 0x0000000787000000|  0%| F|  |TAMS 0x0000000786f00000, 0x0000000786f00000| Untracked 
| 112|0x0000000787000000, 0x0000000787000000, 0x0000000787100000|  0%| F|  |TAMS 0x0000000787000000, 0x0000000787000000| Untracked 
| 113|0x0000000787100000, 0x0000000787100000, 0x0000000787200000|  0%| F|  |TAMS 0x0000000787100000, 0x0000000787100000| Untracked 
| 114|0x0000000787200000, 0x0000000787200000, 0x0000000787300000|  0%| F|  |TAMS 0x0000000787200000, 0x0000000787200000| Untracked 
| 115|0x0000000787300000, 0x0000000787300000, 0x0000000787400000|  0%| F|  |TAMS 0x0000000787300000, 0x0000000787300000| Untracked 
| 116|0x0000000787400000, 0x0000000787400000, 0x0000000787500000|  0%| F|  |TAMS 0x0000000787400000, 0x0000000787400000| Untracked 
| 117|0x0000000787500000, 0x0000000787500000, 0x0000000787600000|  0%| F|  |TAMS 0x0000000787500000, 0x0000000787500000| Untracked 
| 118|0x0000000787600000, 0x0000000787600000, 0x0000000787700000|  0%| F|  |TAMS 0x0000000787600000, 0x0000000787600000| Untracked 
| 119|0x0000000787700000, 0x0000000787700000, 0x0000000787800000|  0%| F|  |TAMS 0x0000000787700000, 0x0000000787700000| Untracked 
| 120|0x0000000787800000, 0x0000000787800000, 0x0000000787900000|  0%| F|  |TAMS 0x0000000787800000, 0x0000000787800000| Untracked 
| 121|0x0000000787900000, 0x0000000787900000, 0x0000000787a00000|  0%| F|  |TAMS 0x0000000787900000, 0x0000000787900000| Untracked 
| 122|0x0000000787a00000, 0x0000000787a00000, 0x0000000787b00000|  0%| F|  |TAMS 0x0000000787a00000, 0x0000000787a00000| Untracked 
| 123|0x0000000787b00000, 0x0000000787b00000, 0x0000000787c00000|  0%| F|  |TAMS 0x0000000787b00000, 0x0000000787b00000| Untracked 
| 124|0x0000000787c00000, 0x0000000787c00000, 0x0000000787d00000|  0%| F|  |TAMS 0x0000000787c00000, 0x0000000787c00000| Untracked 
| 125|0x0000000787d00000, 0x0000000787d00000, 0x0000000787e00000|  0%| F|  |TAMS 0x0000000787d00000, 0x0000000787d00000| Untracked 
| 126|0x0000000787e00000, 0x0000000787f00000, 0x0000000787f00000|100%| E|  |TAMS 0x0000000787e00000, 0x0000000787e00000| Complete 
| 127|0x0000000787f00000, 0x0000000788000000, 0x0000000788000000|100%| E|CS|TAMS 0x0000000787f00000, 0x0000000787f00000| Complete 

Card table byte_map: [0x000000010d2c5000,0x000000010d6c5000] _byte_map_base: 0x00000001096c5000

Marking Bits (Prev, Next): (CMBitMap*) 0x00007fbbf4824c18, (CMBitMap*) 0x00007fbbf4824c50
 Prev Bits: [0x00000001272f1000, 0x00000001292f1000)
 Next Bits: [0x00000001292f1000, 0x000000012b2f1000)

Polling page: 0x00000001044f2000

Metaspace:

Usage:
  Non-class:     26.35 MB capacity,    25.56 MB ( 97%) used,   649.56 KB (  2%) free+waste,   160.69 KB ( <1%) overhead. 
      Class:      4.31 MB capacity,     3.75 MB ( 87%) used,   490.81 KB ( 11%) free+waste,    80.38 KB (  2%) overhead. 
       Both:     30.66 MB capacity,    29.31 MB ( 96%) used,     1.11 MB (  4%) free+waste,   241.06 KB ( <1%) overhead. 

Virtual space:
  Non-class space:       28.00 MB reserved,      26.50 MB ( 95%) committed 
      Class space:        1.00 GB reserved,       4.38 MB ( <1%) committed 
             Both:        1.03 GB reserved,      30.88 MB (  3%) committed 

Chunk freelists:
   Non-Class:  6.88 KB
       Class:  0 bytes
        Both:  6.88 KB

CodeHeap 'non-profiled nmethods': size=120032Kb used=2728Kb max_used=2731Kb free=117303Kb
 bounds [0x000000011f9b9000, 0x000000011fc69000, 0x0000000126ef1000]
CodeHeap 'profiled nmethods': size=120028Kb used=11273Kb max_used=11507Kb free=108754Kb
 bounds [0x0000000118482000, 0x0000000118ff2000, 0x000000011f9b9000]
CodeHeap 'non-nmethods': size=5700Kb used=1354Kb max_used=1415Kb free=4345Kb
 bounds [0x0000000117ef1000, 0x0000000118161000, 0x0000000118482000]
 total_blobs=5780 nmethods=4971 adapters=722
 compilation: enabled
              stopped_count=0, restarted_count=0
 full_count=0

Compilation events (10 events):
Event: 150.100 Thread 0x00007fbbf507b000 5657       3       com.sun.javafx.util.Logging::getFocusLogger (18 bytes)
Event: 150.101 Thread 0x00007fbbf507b000 nmethod 5657 0x00000001189c9790 code [0x00000001189c9940, 0x00000001189c9b68]
Event: 150.130 Thread 0x00007fbbf507b000 5658       3       javafx.scene.control.Labeled$StyleableProperties$12::getStyleableProperty (9 bytes)
Event: 150.131 Thread 0x00007fbbf507b000 nmethod 5658 0x0000000118a0b790 code [0x0000000118a0b9a0, 0x0000000118a0c148]
Event: 150.131 Thread 0x00007fbbf507b000 5659       3       javafx.scene.control.Labeled$StyleableProperties$12::getStyleableProperty (8 bytes)
Event: 150.132 Thread 0x00007fbbf507b000 nmethod 5659 0x00000001189fa210 code [0x00000001189fa400, 0x00000001189faa28]
Event: 150.132 Thread 0x00007fbbf507b000 5660       1       javafx.scene.control.SkinBase::computeMaxHeight (4 bytes)
Event: 150.132 Thread 0x00007fbbf507b000 nmethod 5660 0x000000011fbd5490 code [0x000000011fbd5640, 0x000000011fbd5750]
Event: 150.190 Thread 0x00007fbbf507b000 5661       3       javafx.scene.Parent::layoutChildren (66 bytes)
Event: 150.191 Thread 0x00007fbbf507b000 nmethod 5661 0x0000000118a1a390 code [0x0000000118a1a5c0, 0x0000000118a1af88]

GC Heap History (10 events):
Event: 1.331 GC heap before
{Heap before GC invocations=0 (full 0):
 garbage-first heap   total 131072K, used 24576K [0x0000000780000000, 0x0000000800000000)
  region size 1024K, 24 young (24576K), 0 survivors (0K)
 Metaspace       used 13976K, capacity 14385K, committed 14592K, reserved 1062912K
  class space    used 1543K, capacity 1718K, committed 1792K, reserved 1048576K
}
Event: 1.347 GC heap after
{Heap after GC invocations=1 (full 0):
 garbage-first heap   total 131072K, used 3454K [0x0000000780000000, 0x0000000800000000)
  region size 1024K, 3 young (3072K), 3 survivors (3072K)
 Metaspace       used 13976K, capacity 14385K, committed 14592K, reserved 1062912K
  class space    used 1543K, capacity 1718K, committed 1792K, reserved 1048576K
}
Event: 2.258 GC heap before
{Heap before GC invocations=1 (full 0):
 garbage-first heap   total 131072K, used 29054K [0x0000000780000000, 0x0000000800000000)
  region size 1024K, 29 young (29696K), 3 survivors (3072K)
 Metaspace       used 20433K, capacity 21040K, committed 21248K, reserved 1067008K
  class space    used 2552K, capacity 2807K, committed 2816K, reserved 1048576K
}
Event: 2.273 GC heap after
{Heap after GC invocations=2 (full 0):
 garbage-first heap   total 131072K, used 7669K [0x0000000780000000, 0x0000000800000000)
  region size 1024K, 8 young (8192K), 8 survivors (8192K)
 Metaspace       used 20433K, capacity 21040K, committed 21248K, reserved 1067008K
  class space    used 2552K, capacity 2807K, committed 2816K, reserved 1048576K
}
Event: 16.515 GC heap before
{Heap before GC invocations=3 (full 0):
 garbage-first heap   total 131072K, used 90613K [0x0000000780000000, 0x0000000800000000)
  region size 1024K, 35 young (35840K), 8 survivors (8192K)
 Metaspace       used 25770K, capacity 26788K, committed 27008K, reserved 1073152K
  class space    used 3215K, capacity 3633K, committed 3712K, reserved 1048576K
}
Event: 16.557 GC heap after
{Heap after GC invocations=4 (full 0):
 garbage-first heap   total 131072K, used 35504K [0x0000000780000000, 0x0000000800000000)
  region size 1024K, 5 young (5120K), 5 survivors (5120K)
 Metaspace       used 25770K, capacity 26788K, committed 27008K, reserved 1073152K
  class space    used 3215K, capacity 3633K, committed 3712K, reserved 1048576K
}
Event: 75.450 GC heap before
{Heap before GC invocations=5 (full 0):
 garbage-first heap   total 131072K, used 108208K [0x0000000780000000, 0x0000000800000000)
  region size 1024K, 52 young (53248K), 5 survivors (5120K)
 Metaspace       used 29479K, capacity 30899K, committed 31104K, reserved 1075200K
  class space    used 3830K, capacity 4395K, committed 4480K, reserved 1048576K
}
Event: 75.474 GC heap after
{Heap after GC invocations=6 (full 0):
 garbage-first heap   total 131072K, used 38299K [0x0000000780000000, 0x0000000800000000)
  region size 1024K, 7 young (7168K), 7 survivors (7168K)
 Metaspace       used 29479K, capacity 30899K, committed 31104K, reserved 1075200K
  class space    used 3830K, capacity 4395K, committed 4480K, reserved 1048576K
}
Event: 147.216 GC heap before
{Heap before GC invocations=7 (full 0):
 garbage-first heap   total 131072K, used 98715K [0x0000000780000000, 0x0000000800000000)
  region size 1024K, 42 young (43008K), 7 survivors (7168K)
 Metaspace       used 29997K, capacity 31394K, committed 31616K, reserved 1077248K
  class space    used 3837K, capacity 4409K, committed 4480K, reserved 1048576K
}
Event: 147.241 GC heap after
{Heap after GC invocations=8 (full 0):
 garbage-first heap   total 131072K, used 36380K [0x0000000780000000, 0x0000000800000000)
  region size 1024K, 5 young (5120K), 5 survivors (5120K)
 Metaspace       used 29997K, capacity 31394K, committed 31616K, reserved 1077248K
  class space    used 3837K, capacity 4409K, committed 4480K, reserved 1048576K
}

Deoptimization events (10 events):
Event: 89.957 Thread 0x00007fbbf4a6d800 Uncommon trap: reason=speculate_class_check action=maybe_recompile pc=0x000000011fb1bc34 method=javafx.scene.Node.reapplyCss()V @ 21 c2
Event: 89.958 Thread 0x00007fbbf4a6d800 Uncommon trap: reason=speculate_class_check action=maybe_recompile pc=0x000000011fb1bc34 method=javafx.scene.Node.reapplyCss()V @ 21 c2
Event: 89.958 Thread 0x00007fbbf4a6d800 Uncommon trap: reason=speculate_class_check action=maybe_recompile pc=0x000000011fb1bc34 method=javafx.scene.Node.reapplyCss()V @ 21 c2
Event: 89.966 Thread 0x00007fbbf4a6d800 Uncommon trap: reason=speculate_class_check action=maybe_recompile pc=0x000000011fb1bc34 method=javafx.scene.Node.reapplyCss()V @ 21 c2
Event: 92.897 Thread 0x00007fbbf4a6d800 Uncommon trap: reason=profile_predicate action=maybe_recompile pc=0x000000011fb36e34 method=java.util.TimSort.binarySort([Ljava/lang/Object;IIILjava/util/Comparator;)V @ 73 c2
Event: 92.898 Thread 0x00007fbbf4a6d800 Uncommon trap: reason=profile_predicate action=maybe_recompile pc=0x000000011fb36e34 method=java.util.TimSort.binarySort([Ljava/lang/Object;IIILjava/util/Comparator;)V @ 73 c2
Event: 92.899 Thread 0x00007fbbf4a6d800 Uncommon trap: reason=profile_predicate action=maybe_recompile pc=0x000000011fb37068 method=java.util.TimSort.binarySort([Ljava/lang/Object;IIILjava/util/Comparator;)V @ 34 c2
Event: 92.900 Thread 0x00007fbbf4a6d800 Uncommon trap: reason=profile_predicate action=maybe_recompile pc=0x000000011fb36e34 method=java.util.TimSort.binarySort([Ljava/lang/Object;IIILjava/util/Comparator;)V @ 73 c2
Event: 92.907 Thread 0x00007fbbf4a6d800 Uncommon trap: reason=class_check action=maybe_recompile pc=0x000000011fb5ab80 method=javafx.scene.CssStyleHelper.lookup(Ljavafx/css/Styleable;Ljavafx/css/CssMetaData;Lcom/sun/javafx/css/StyleMap;Ljava/util/Set;Ljavafx/css/Styleable;Lcom/sun/javafx/css/Ca
Event: 147.359 Thread 0x00007fbbf3813000 Uncommon trap: reason=unstable_if action=reinterpret pc=0x000000011fc5d500 method=com.sun.prism.impl.ManagedResource._isgone(Lcom/sun/prism/impl/ManagedResource;)Z @ 1 c2

Classes redefined (0 events):
No events

Internal exceptions (10 events):
Event: 13.415 Thread 0x00007fbbf4a6d800 Implicit null exception at 0x000000011faa416c to 0x000000011faa41b2
Event: 13.530 Thread 0x00007fbbf4a6d800 Implicit null exception at 0x000000011fa82cf0 to 0x000000011fa83356
Event: 13.598 Thread 0x00007fbbf3813000 Exception <a 'java/lang/NoSuchMethodError'{0x00000007870a31b8}: java.lang.invoke.DirectMethodHandle$Holder.invokeStaticInit(Ljava/lang/Object;I)Ljava/lang/Object;> (0x00000007870a31b8) thrown at [./open/src/hotspot/share/interpreter/linkResolver.cpp, line
Event: 43.842 Thread 0x00007fbbf4a6d800 Exception <a 'java/lang/NoSuchMethodError'{0x0000000787646f38}: java.lang.invoke.DirectMethodHandle$Holder.invokeStatic(Ljava/lang/Object;Ljava/lang/Object;)J> (0x0000000787646f38) thrown at [./open/src/hotspot/share/interpreter/linkResolver.cpp, line 772
Event: 55.392 Thread 0x00007fbbf4a6d800 Exception <a 'java/lang/ClassNotFoundException'{0x0000000786cf2090}: com/sun/javafx/scene/control/skin/resources/controls-nt> (0x0000000786cf2090) thrown at [./open/src/hotspot/share/prims/jni.cpp, line 632]
Event: 55.394 Thread 0x00007fbbf4a6d800 Exception <a 'java/lang/ClassNotFoundException'{0x0000000786cfa668}: com/sun/javafx/scene/control/skin/resources/controls-nt_es> (0x0000000786cfa668) thrown at [./open/src/hotspot/share/prims/jni.cpp, line 632]
Event: 55.395 Thread 0x00007fbbf4a6d800 Exception <a 'java/lang/ClassNotFoundException'{0x0000000786cfc6d0}: com/sun/javafx/scene/control/skin/resources/controls-nt_es_EC> (0x0000000786cfc6d0) thrown at [./open/src/hotspot/share/prims/jni.cpp, line 632]
Event: 55.469 Thread 0x00007fbbf4a6d800 Exception <a 'java/lang/NoSuchMethodError'{0x0000000786955f88}: java.lang.invoke.DirectMethodHandle$Holder.invokeSpecial(Ljava/lang/Object;Ljava/lang/Object;Ljava/lang/Object;Ljava/lang/Object;Ljava/lang/Object;Ljava/lang/Object;)V> (0x0000000786955f88) t
Event: 72.640 Thread 0x00007fbbf4a6d800 Exception <a 'java/lang/NoSuchMethodError'{0x0000000784f439f0}: java.lang.invoke.DirectMethodHandle$Holder.invokeStatic(Ljava/lang/Object;Ljava/lang/Object;ILjava/lang/Object;DDDDDDIIIIIIII)Ljava/lang/Object;> (0x0000000784f439f0) thrown at [./open/src/ho
Event: 147.359 Thread 0x00007fbbf3813000 Implicit null exception at 0x000000011fc5d4ac to 0x000000011fc5d4f2

Events (10 events):
Event: 147.373 Thread 0x00007fbbf507b800 flushing nmethod 0x0000000118de4390
Event: 147.373 Thread 0x00007fbbf507b800 flushing nmethod 0x0000000118e50490
Event: 147.872 Thread 0x00007fbbd5808800 Thread exited: 0x00007fbbd5808800
Event: 148.004 Thread 0x00007fbbd391b000 Thread added: 0x00007fbbd391b000
Event: 148.370 Thread 0x00007fbbd391b000 Thread exited: 0x00007fbbd391b000
Event: 148.536 Thread 0x00007fbbf4b77800 Thread added: 0x00007fbbf4b77800
Event: 148.821 Thread 0x00007fbbf4b77800 Thread exited: 0x00007fbbf4b77800
Event: 148.937 Thread 0x00007fbbf4b77800 Thread added: 0x00007fbbf4b77800
Event: 149.621 Thread 0x00007fbbf4b77800 Thread exited: 0x00007fbbf4b77800
Event: 150.120 Thread 0x00007fbbb4061800 Thread added: 0x00007fbbb4061800


Dynamic libraries:
0x000000010cb20000 	/Library/Java/JavaVirtualMachines/jdk-11.0.8.jdk/Contents/Home/lib/jli/libjli.dylib
0x00007ff835fa4000 	/System/Library/Frameworks/Cocoa.framework/Versions/A/Cocoa
0x00007ff821845000 	/System/Library/Frameworks/AppKit.framework/Versions/C/AppKit
0x00007ff824d95000 	/System/Library/Frameworks/CoreData.framework/Versions/A/CoreData
0x00007ff81fc60000 	/System/Library/Frameworks/Foundation.framework/Versions/C/Foundation
0x00007ff82a088000 	/usr/lib/libSystem.B.dylib
0x00007ff8226d2000 	/System/Library/PrivateFrameworks/UIFoundation.framework/Versions/A/UIFoundation
0x00007ff82ff7c000 	/System/Library/PrivateFrameworks/RemoteViewServices.framework/Versions/A/RemoteViewServices
0x00007ff82827b000 	/System/Library/PrivateFrameworks/XCTTargetBootstrap.framework/Versions/A/XCTTargetBootstrap
0x00007ff82bf53000 	/System/Library/PrivateFrameworks/InternationalSupport.framework/Versions/A/InternationalSupport
0x00007ff82bfdd000 	/System/Library/PrivateFrameworks/UserActivity.framework/Versions/A/UserActivity
0x00007ff82b33a000 	/usr/lib/libspindump.dylib
0x00007ff822960000 	/System/Library/Frameworks/UniformTypeIdentifiers.framework/Versions/A/UniformTypeIdentifiers
0x00007ff8269ba000 	/usr/lib/libapp_launch_measurement.dylib
0x00007ff82576f000 	/System/Library/PrivateFrameworks/CoreAnalytics.framework/Versions/A/CoreAnalytics
0x00007ff8269bd000 	/System/Library/PrivateFrameworks/CoreAutoLayout.framework/Versions/A/CoreAutoLayout
0x00007ff827bdc000 	/System/Library/Frameworks/Metal.framework/Versions/A/Metal
0x00007ff8288f3000 	/usr/lib/liblangid.dylib
0x00007ff82827f000 	/System/Library/PrivateFrameworks/CoreSVG.framework/Versions/A/CoreSVG
0x00007ff823d22000 	/System/Library/PrivateFrameworks/SkyLight.framework/Versions/A/SkyLight
0x00007ff8240b3000 	/System/Library/Frameworks/CoreGraphics.framework/Versions/A/CoreGraphics
0x00007ff8305e7000 	/System/Library/Frameworks/Accelerate.framework/Versions/A/Accelerate
0x00007ff82adb5000 	/System/Library/PrivateFrameworks/IconServices.framework/Versions/A/IconServices
0x00007ff827bc1000 	/System/Library/Frameworks/IOSurface.framework/Versions/A/IOSurface
0x00007ff82579d000 	/usr/lib/libDiagnosticMessagesClient.dylib
0x00007ff829fa2000 	/usr/lib/libz.1.dylib
0x00007ff833c46000 	/System/Library/Frameworks/ApplicationServices.framework/Versions/A/ApplicationServices
0x00007ff828267000 	/System/Library/PrivateFrameworks/DFRFoundation.framework/Versions/A/DFRFoundation
0x00007ff821136000 	/usr/lib/libicucore.A.dylib
0x00007ff82cc75000 	/System/Library/Frameworks/AudioToolbox.framework/Versions/A/AudioToolbox
0x00007ff82bf5f000 	/System/Library/PrivateFrameworks/DataDetectorsCore.framework/Versions/A/DataDetectorsCore
0x00007ff9276f4000 	/System/Library/PrivateFrameworks/TextInput.framework/Versions/A/TextInput
0x00007ff823ca5000 	/usr/lib/libMobileGestalt.dylib
0x00007ff827f6f000 	/System/Library/Frameworks/Carbon.framework/Versions/A/Frameworks/HIToolbox.framework/Versions/A/HIToolbox
0x00007ff8263e8000 	/System/Library/Frameworks/QuartzCore.framework/Versions/A/QuartzCore
0x00007ff820dd7000 	/System/Library/Frameworks/Security.framework/Versions/A/Security
0x00007ff82ffb4000 	/System/Library/Frameworks/Carbon.framework/Versions/A/Frameworks/SpeechRecognition.framework/Versions/A/SpeechRecognition
0x00007ff82671a000 	/System/Library/PrivateFrameworks/CoreUI.framework/Versions/A/CoreUI
0x00007ff8206b1000 	/System/Library/Frameworks/CoreAudio.framework/Versions/A/CoreAudio
0x00007ff82588b000 	/System/Library/Frameworks/DiskArbitration.framework/Versions/A/DiskArbitration
0x00007ff82b71d000 	/System/Library/PrivateFrameworks/MultitouchSupport.framework/Versions/A/MultitouchSupport
0x00007ff823ca4000 	/usr/lib/libenergytrace.dylib
0x00007ff821731000 	/System/Library/Frameworks/IOKit.framework/Versions/A/IOKit
0x00007ff83039e000 	/System/Library/Frameworks/CoreServices.framework/Versions/A/CoreServices
0x00007ff826954000 	/System/Library/PrivateFrameworks/PerformanceAnalysis.framework/Versions/A/PerformanceAnalysis
0x00007ffa37163000 	/System/Library/Frameworks/OpenGL.framework/Versions/A/OpenGL
0x00007ff8295da000 	/System/Library/PrivateFrameworks/MobileKeyBag.framework/Versions/A/MobileKeyBag
0x00007ff81ecf8000 	/usr/lib/libobjc.A.dylib
0x00007ff8247e2000 	/System/Library/Frameworks/ColorSync.framework/Versions/A/ColorSync
0x00007ff81eeb4000 	/System/Library/Frameworks/CoreFoundation.framework/Versions/A/CoreFoundation
0x00007ff8284fa000 	/System/Library/Frameworks/CoreImage.framework/Versions/A/CoreImage
0x00007ff8204c7000 	/System/Library/Frameworks/CoreText.framework/Versions/A/CoreText
0x00007ff8282ae000 	/System/Library/Frameworks/ImageIO.framework/Versions/A/ImageIO
0x00007ff82a08e000 	/System/Library/PrivateFrameworks/SoftLinking.framework/Versions/A/SoftLinking
0x00007ff826a05000 	/usr/lib/libxml2.2.dylib
0x00007ff81edc1000 	/usr/lib/libc++.1.dylib
0x00007ff82a30e000 	/usr/lib/libcompression.dylib
0x00007ff82be89000 	/System/Library/PrivateFrameworks/TextureIO.framework/Versions/A/TextureIO
0x00007ff82aa2e000 	/usr/lib/libate.dylib
0x00007ff82a083000 	/usr/lib/system/libcache.dylib
0x00007ff82a03f000 	/usr/lib/system/libcommonCrypto.dylib
0x00007ff82a068000 	/usr/lib/system/libcompiler_rt.dylib
0x00007ff82a05e000 	/usr/lib/system/libcopyfile.dylib
0x00007ff81ebf2000 	/usr/lib/system/libcorecrypto.dylib
0x00007ff81ecb1000 	/usr/lib/system/libdispatch.dylib
0x00007ff81ee73000 	/usr/lib/system/libdyld.dylib
0x00007ff82a07a000 	/usr/lib/system/libkeymgr.dylib
0x00007ff82a01d000 	/usr/lib/system/libmacho.dylib
0x00007ff8296ae000 	/usr/lib/system/libquarantine.dylib
0x00007ff82a078000 	/usr/lib/system/libremovefile.dylib
0x00007ff823cf1000 	/usr/lib/system/libsystem_asl.dylib
0x00007ff81eba0000 	/usr/lib/system/libsystem_blocks.dylib
0x00007ff81ed38000 	/usr/lib/system/libsystem_c.dylib
0x00007ff82a070000 	/usr/lib/system/libsystem_collections.dylib
0x00007ff8288e4000 	/usr/lib/system/libsystem_configuration.dylib
0x00007ff827ba4000 	/usr/lib/system/libsystem_containermanager.dylib
0x00007ff829d56000 	/usr/lib/system/libsystem_coreservices.dylib
0x00007ff8213bf000 	/usr/lib/system/libsystem_darwin.dylib
0x00007ff82a07b000 	/usr/lib/system/libsystem_dnssd.dylib
0x00007ff81ed35000 	/usr/lib/system/libsystem_featureflags.dylib
0x00007ff81ee89000 	/usr/lib/system/libsystem_info.dylib
0x00007ff829fb5000 	/usr/lib/system/libsystem_m.dylib
0x00007ff81ec85000 	/usr/lib/system/libsystem_malloc.dylib
0x00007ff823c8e000 	/usr/lib/system/libsystem_networkextension.dylib
0x00007ff8217e7000 	/usr/lib/system/libsystem_notify.dylib
0x00007ff830275000 	/usr/lib/system/libsystem_product_info_filter.dylib
0x00007ff8288e8000 	/usr/lib/system/libsystem_sandbox.dylib
0x00007ff82a075000 	/usr/lib/system/libsystem_secinit.dylib
0x00007ff81ee30000 	/usr/lib/system/libsystem_kernel.dylib
0x00007ff81ee7f000 	/usr/lib/system/libsystem_platform.dylib
0x00007ff81ee67000 	/usr/lib/system/libsystem_pthread.dylib
0x00007ff8255b5000 	/usr/lib/system/libsystem_symptoms.dylib
0x00007ff81ebd9000 	/usr/lib/system/libsystem_trace.dylib
0x00007ff82a04b000 	/usr/lib/system/libunwind.dylib
0x00007ff81eba2000 	/usr/lib/system/libxpc.dylib
0x00007ff81ee1a000 	/usr/lib/libc++abi.dylib
0x00007ff82a056000 	/usr/lib/liboah.dylib
0x00007ff82a7e7000 	/usr/lib/liblzma.5.dylib
0x00007ff81f971000 	/System/Library/Frameworks/SystemConfiguration.framework/Versions/A/SystemConfiguration
0x00007ff82a08a000 	/usr/lib/libfakelink.dylib
0x00007ff8237f8000 	/System/Library/Frameworks/CFNetwork.framework/Versions/A/CFNetwork
0x00007ff82a1c9000 	/usr/lib/libarchive.2.dylib
0x00007ff8288ef000 	/System/Library/PrivateFrameworks/AppleSystemInfo.framework/Versions/A/AppleSystemInfo
0x00007ff8296d4000 	/usr/lib/libbsm.0.dylib
0x00007ff822e2f000 	/usr/lib/libnetwork.dylib
0x00007ff82a023000 	/usr/lib/system/libkxld.dylib
0x00007ff829303000 	/System/Library/PrivateFrameworks/IOMobileFramebuffer.framework/Versions/A/IOMobileFramebuffer
0x00007ffb34b05000 	/usr/lib/libCoreEntitlements.dylib
0x00007ff829d38000 	/System/Library/PrivateFrameworks/AppleFSCompression.framework/Versions/A/AppleFSCompression
0x00007ff8296bd000 	/usr/lib/libcoretls.dylib
0x00007ff82a801000 	/usr/lib/libcoretls_cfhelpers.dylib
0x00007ff82a309000 	/usr/lib/libpam.2.dylib
0x00007ff8251db000 	/usr/lib/libsqlite3.dylib
0x00007ff82a870000 	/usr/lib/libxar.1.dylib
0x00007ff829d48000 	/usr/lib/libbz2.1.0.dylib
0x00007ff82a08f000 	/usr/lib/libpcap.A.dylib
0x00007ff8255ac000 	/usr/lib/libdns_services.dylib
0x00007ff82a2db000 	/usr/lib/libapple_nghttp2.dylib
0x00007ff82a0c6000 	/usr/lib/libiconv.2.dylib
0x00007ff82a01c000 	/usr/lib/libcharset.1.dylib
0x00007ff826988000 	/System/Library/Frameworks/CoreServices.framework/Versions/A/Frameworks/FSEvents.framework/Versions/A/FSEvents
0x00007ff8213c9000 	/System/Library/Frameworks/CoreServices.framework/Versions/A/Frameworks/CarbonCore.framework/Versions/A/CarbonCore
0x00007ff8257f0000 	/System/Library/Frameworks/CoreServices.framework/Versions/A/Frameworks/Metadata.framework/Versions/A/Metadata
0x00007ff829d5b000 	/System/Library/Frameworks/CoreServices.framework/Versions/A/Frameworks/OSServices.framework/Versions/A/OSServices
0x00007ff82a24f000 	/System/Library/Frameworks/CoreServices.framework/Versions/A/Frameworks/SearchKit.framework/Versions/A/SearchKit
0x00007ff82553e000 	/System/Library/Frameworks/CoreServices.framework/Versions/A/Frameworks/AE.framework/Versions/A/AE
0x00007ff81f3b5000 	/System/Library/Frameworks/CoreServices.framework/Versions/A/Frameworks/LaunchServices.framework/Versions/A/LaunchServices
0x00007ff82a798000 	/System/Library/Frameworks/CoreServices.framework/Versions/A/Frameworks/DictionaryServices.framework/Versions/A/DictionaryServices
0x00007ff826995000 	/System/Library/Frameworks/CoreServices.framework/Versions/A/Frameworks/SharedFileList.framework/Versions/A/SharedFileList
0x00007ff8296b1000 	/usr/lib/libCheckFix.dylib
0x00007ff823d08000 	/System/Library/PrivateFrameworks/TCC.framework/Versions/A/TCC
0x00007ff8288f5000 	/System/Library/PrivateFrameworks/CoreNLP.framework/Versions/A/CoreNLP
0x00007ff8257a0000 	/System/Library/PrivateFrameworks/MetadataUtilities.framework/Versions/A/MetadataUtilities
0x00007ff81fa21000 	/usr/lib/libmecabra.dylib
0x00007ff8296e4000 	/usr/lib/libmecab.dylib
0x00007ff81f9ec000 	/usr/lib/libCRFSuite.dylib
0x00007ff829741000 	/usr/lib/libgermantok.dylib
0x00007ff82a2b6000 	/usr/lib/libThaiTokenizer.dylib
0x00007ff825892000 	/System/Library/Frameworks/Accelerate.framework/Versions/A/Frameworks/vImage.framework/Versions/A/vImage
0x00007ff830375000 	/System/Library/Frameworks/Accelerate.framework/Versions/A/Frameworks/vecLib.framework/Versions/A/vecLib
0x00007ff82a8b1000 	/System/Library/Frameworks/Accelerate.framework/Versions/A/Frameworks/vecLib.framework/Versions/A/libvMisc.dylib
0x00007ff8290f7000 	/System/Library/Frameworks/Accelerate.framework/Versions/A/Frameworks/vecLib.framework/Versions/A/libvDSP.dylib
0x00007ff81f72d000 	/System/Library/Frameworks/Accelerate.framework/Versions/A/Frameworks/vecLib.framework/Versions/A/libBLAS.dylib
0x00007ff82a3eb000 	/System/Library/Frameworks/Accelerate.framework/Versions/A/Frameworks/vecLib.framework/Versions/A/libLAPACK.dylib
0x00007ff829744000 	/System/Library/Frameworks/Accelerate.framework/Versions/A/Frameworks/vecLib.framework/Versions/A/libLinearAlgebra.dylib
0x00007ff82a2f4000 	/System/Library/Frameworks/Accelerate.framework/Versions/A/Frameworks/vecLib.framework/Versions/A/libSparseBLAS.dylib
0x00007ff82a3e5000 	/System/Library/Frameworks/Accelerate.framework/Versions/A/Frameworks/vecLib.framework/Versions/A/libQuadrature.dylib
0x00007ff8289df000 	/System/Library/Frameworks/Accelerate.framework/Versions/A/Frameworks/vecLib.framework/Versions/A/libBNNS.dylib
0x00007ff81f902000 	/System/Library/Frameworks/Accelerate.framework/Versions/A/Frameworks/vecLib.framework/Versions/A/libSparse.dylib
0x00007ff8289d8000 	/System/Library/PrivateFrameworks/LinguisticData.framework/Versions/A/LinguisticData
0x00007ff81f8b7000 	/System/Library/PrivateFrameworks/Lexicon.framework/Versions/A/Lexicon
0x00007ff82a8aa000 	/usr/lib/libChineseTokenizer.dylib
0x00007ff82001b000 	/System/Library/PrivateFrameworks/LanguageModeling.framework/Versions/A/LanguageModeling
0x00007ff82a2b8000 	/System/Library/PrivateFrameworks/AppleSauce.framework/Versions/A/AppleSauce
0x00007ff8292f1000 	/System/Library/PrivateFrameworks/CoreEmoji.framework/Versions/A/CoreEmoji
0x00007ff82a1b8000 	/usr/lib/libcmph.dylib
0x00007ff82696c000 	/System/Library/Frameworks/OpenDirectory.framework/Versions/A/Frameworks/CFOpenDirectory.framework/Versions/A/CFOpenDirectory
0x00007ff826960000 	/System/Library/Frameworks/OpenDirectory.framework/Versions/A/OpenDirectory
0x00007ff82a803000 	/System/Library/PrivateFrameworks/APFS.framework/Versions/A/APFS
0x00007ff829612000 	/System/Library/Frameworks/SecurityFoundation.framework/Versions/A/SecurityFoundation
0x00007ff82a87e000 	/usr/lib/libutil.dylib
0x00007ff8216f4000 	/System/Library/PrivateFrameworks/CoreServicesStore.framework/Versions/A/CoreServicesStore
0x00007ff82a882000 	/usr/lib/libxslt.1.dylib
0x00007ff82969f000 	/System/Library/PrivateFrameworks/BackgroundTaskManagement.framework/Versions/A/BackgroundTaskManagement
0x00007ff82bdab000 	/System/Library/Frameworks/ImageIO.framework/Versions/A/Resources/libRadiance.dylib
0x00007ff82bdb4000 	/System/Library/Frameworks/ImageIO.framework/Versions/A/Resources/libJPEG.dylib
0x00007ff82bd05000 	/System/Library/Frameworks/ImageIO.framework/Versions/A/Resources/libPng.dylib
0x00007ff82bd26000 	/System/Library/Frameworks/ImageIO.framework/Versions/A/Resources/libTIFF.dylib
0x00007ff82be12000 	/System/Library/Frameworks/ImageIO.framework/Versions/A/Resources/libGIF.dylib
0x00007ff82b63a000 	/System/Library/Frameworks/ImageIO.framework/Versions/A/Resources/libJP2.dylib
0x00007ff82ad7c000 	/usr/lib/libexpat.1.dylib
0x00007ff82b5ef000 	/System/Library/PrivateFrameworks/AppleJPEG.framework/Versions/A/AppleJPEG
0x00007ff827e36000 	/System/Library/PrivateFrameworks/FontServices.framework/libFontParser.dylib
0x00007ff8254e8000 	/System/Library/PrivateFrameworks/RunningBoardServices.framework/Versions/A/RunningBoardServices
0x00007ff836515000 	/System/Library/PrivateFrameworks/IOSurfaceAccelerator.framework/Versions/A/IOSurfaceAccelerator
0x00007ff82b719000 	/System/Library/PrivateFrameworks/WatchdogClient.framework/Versions/A/WatchdogClient
0x00007ff82010a000 	/System/Library/Frameworks/CoreDisplay.framework/Versions/A/CoreDisplay
0x00007ff827d36000 	/System/Library/Frameworks/CoreMedia.framework/Versions/A/CoreMedia
0x00007ff827bd3000 	/System/Library/PrivateFrameworks/IOAccelerator.framework/Versions/A/IOAccelerator
0x00007ff826ae8000 	/System/Library/Frameworks/CoreVideo.framework/Versions/A/CoreVideo
0x00007ff82a307000 	/System/Library/Frameworks/MetalPerformanceShaders.framework/Versions/A/MetalPerformanceShaders
0x00007ff82b754000 	/System/Library/Frameworks/VideoToolbox.framework/Versions/A/VideoToolbox
0x00007ff825430000 	/System/Library/PrivateFrameworks/BaseBoard.framework/Versions/A/BaseBoard
0x00007ff8251c1000 	/System/Library/PrivateFrameworks/ProtocolBuffer.framework/Versions/A/ProtocolBuffer
0x00007ff82bda4000 	/System/Library/PrivateFrameworks/GPUWrangler.framework/Versions/A/GPUWrangler
0x00007ff82bd87000 	/System/Library/PrivateFrameworks/IOPresentment.framework/Versions/A/IOPresentment
0x00007ff82bdae000 	/System/Library/PrivateFrameworks/DSExternalDisplay.framework/Versions/A/DSExternalDisplay
0x00007ffa37157000 	/System/Library/Frameworks/OpenGL.framework/Versions/A/Libraries/libCoreFSCache.dylib
0x00007ffb23104000 	/System/Library/PrivateFrameworks/GPUCompiler.framework/Versions/31001/Libraries/libGPUCompilerUtils.dylib
0x00007ff82be17000 	/System/Library/PrivateFrameworks/CMCaptureCore.framework/Versions/A/CMCaptureCore
0x00007ff82b328000 	/System/Library/PrivateFrameworks/AppServerSupport.framework/Versions/A/AppServerSupport
0x00007ff82d4f2000 	/System/Library/PrivateFrameworks/perfdata.framework/Versions/A/perfdata
0x00007ff820236000 	/System/Library/PrivateFrameworks/AudioToolboxCore.framework/Versions/A/AudioToolboxCore
0x00007ff827d13000 	/System/Library/PrivateFrameworks/caulk.framework/Versions/A/caulk
0x00007ff82ce1f000 	/usr/lib/libAudioStatistics.dylib
0x00007ff923fb3000 	/System/Library/PrivateFrameworks/SystemPolicy.framework/Versions/A/SystemPolicy
0x00007ff82d06b000 	/usr/lib/libSMC.dylib
0x00007ff835e57000 	/System/Library/Frameworks/CoreMIDI.framework/Versions/A/CoreMIDI
0x00007ff82bcd5000 	/usr/lib/libAudioToolboxUtility.dylib
0x00007ff92043b000 	/System/Library/PrivateFrameworks/OSAServicesClient.framework/Versions/A/OSAServicesClient
0x00007ff82d4ff000 	/usr/lib/libperfcheck.dylib
0x00007ff924a3f000 	/usr/lib/libmis.dylib
0x00007ffa371b3000 	/System/Library/Frameworks/OpenGL.framework/Versions/A/Libraries/libGLU.dylib
0x00007ffa37176000 	/System/Library/Frameworks/OpenGL.framework/Versions/A/Libraries/libGFXShared.dylib
0x00007ffa37384000 	/System/Library/Frameworks/OpenGL.framework/Versions/A/Libraries/libGL.dylib
0x00007ffa3717f000 	/System/Library/Frameworks/OpenGL.framework/Versions/A/Libraries/libGLImage.dylib
0x00007ffa37173000 	/System/Library/Frameworks/OpenGL.framework/Versions/A/Libraries/libCVMSPluginSupport.dylib
0x00007ffa3715e000 	/System/Library/Frameworks/OpenGL.framework/Versions/A/Libraries/libCoreVMClient.dylib
0x00007ff828873000 	/System/Library/Frameworks/MetalPerformanceShaders.framework/Versions/A/Frameworks/MPSCore.framework/Versions/A/MPSCore
0x00007ff829ca3000 	/System/Library/Frameworks/MetalPerformanceShaders.framework/Versions/A/Frameworks/MPSImage.framework/Versions/A/MPSImage
0x00007ff82975a000 	/System/Library/Frameworks/MetalPerformanceShaders.framework/Versions/A/Frameworks/MPSNeuralNetwork.framework/Versions/A/MPSNeuralNetwork
0x00007ff829bcf000 	/System/Library/Frameworks/MetalPerformanceShaders.framework/Versions/A/Frameworks/MPSMatrix.framework/Versions/A/MPSMatrix
0x00007ff82998b000 	/System/Library/Frameworks/MetalPerformanceShaders.framework/Versions/A/Frameworks/MPSRayIntersector.framework/Versions/A/MPSRayIntersector
0x00007ff829c08000 	/System/Library/Frameworks/MetalPerformanceShaders.framework/Versions/A/Frameworks/MPSNDArray.framework/Versions/A/MPSNDArray
0x00007ffa3bd5c000 	/System/Library/Frameworks/MetalPerformanceShaders.framework/Versions/A/Frameworks/MPSFunctions.framework/Versions/A/MPSFunctions
0x00007ff81f610000 	/System/Library/PrivateFrameworks/MetalTools.framework/Versions/A/MetalTools
0x00007ff8288ed000 	/System/Library/PrivateFrameworks/AggregateDictionary.framework/Versions/A/AggregateDictionary
0x00007ff82ab5e000 	/usr/lib/libIOReport.dylib
0x00007ffa38793000 	/System/Library/Frameworks/OpenCL.framework/Versions/A/OpenCL
0x00007ff82aec2000 	/System/Library/PrivateFrameworks/FaceCore.framework/Versions/A/FaceCore
0x00007ff82aeb3000 	/System/Library/PrivateFrameworks/GraphVisualizer.framework/Versions/A/GraphVisualizer
0x00007ffb2300f000 	/System/Library/PrivateFrameworks/FontServices.framework/Versions/A/FontServices
0x00007ff82b2df000 	/System/Library/PrivateFrameworks/OTSVG.framework/Versions/A/OTSVG
0x00007ff8266d0000 	/System/Library/Frameworks/ApplicationServices.framework/Versions/A/Frameworks/ATS.framework/Versions/A/Resources/libFontRegistry.dylib
0x00007ff82b330000 	/System/Library/PrivateFrameworks/FontServices.framework/libhvf.dylib
0x00007ffb23010000 	/System/Library/PrivateFrameworks/FontServices.framework/libXTFontStaticRegistryData.dylib
0x00007ff82ad2c000 	/System/Library/PrivateFrameworks/AppleVA.framework/Versions/A/AppleVA
0x00007ff82ce3f000 	/System/Library/Frameworks/ApplicationServices.framework/Versions/A/Frameworks/ATS.framework/Versions/A/ATS
0x00007ff8248de000 	/System/Library/Frameworks/ApplicationServices.framework/Versions/A/Frameworks/HIServices.framework/Versions/A/HIServices
0x00007ff82be21000 	/System/Library/Frameworks/ApplicationServices.framework/Versions/A/Frameworks/PrintCore.framework/Versions/A/PrintCore
0x00007ff82d1be000 	/System/Library/Frameworks/ApplicationServices.framework/Versions/A/Frameworks/QD.framework/Versions/A/QD
0x00007ff82d1b6000 	/System/Library/Frameworks/ApplicationServices.framework/Versions/A/Frameworks/ColorSyncLegacy.framework/Versions/A/ColorSyncLegacy
0x00007ff82ce2f000 	/System/Library/Frameworks/ApplicationServices.framework/Versions/A/Frameworks/SpeechSynthesis.framework/Versions/A/SpeechSynthesis
0x00007ff82bde2000 	/System/Library/Frameworks/ApplicationServices.framework/Versions/A/Frameworks/ATSUI.framework/Versions/A/ATSUI
0x00007ff82d14b000 	/usr/lib/libcups.2.dylib
0x00007ff82d50e000 	/System/Library/Frameworks/Kerberos.framework/Versions/A/Kerberos
0x00007ff82d51d000 	/System/Library/Frameworks/GSS.framework/Versions/A/GSS
0x00007ff82ceab000 	/usr/lib/libresolv.9.dylib
0x00007ff82b33f000 	/System/Library/PrivateFrameworks/Heimdal.framework/Versions/A/Heimdal
0x00007ff833fc1000 	/System/Library/Frameworks/Kerberos.framework/Versions/A/Libraries/libHeimdalProxy.dylib
0x00007ff8255bd000 	/System/Library/Frameworks/Network.framework/Versions/A/Network
0x00007ff82ad96000 	/usr/lib/libheimdal-asn1.dylib
0x00007ff82d568000 	/System/Library/PrivateFrameworks/CommonAuth.framework/Versions/A/CommonAuth
0x00007ff82cdb0000 	/System/Library/PrivateFrameworks/AudioSession.framework/Versions/A/AudioSession
0x00007ff82ae26000 	/System/Library/PrivateFrameworks/MediaExperience.framework/Versions/A/MediaExperience
0x00007ff82cc44000 	/System/Library/PrivateFrameworks/AudioSession.framework/libSessionUtility.dylib
0x00007ff82d1ca000 	/System/Library/PrivateFrameworks/AudioResourceArbitration.framework/Versions/A/AudioResourceArbitration
0x00007ff82ad9f000 	/System/Library/PrivateFrameworks/IconFoundation.framework/Versions/A/IconFoundation
0x00007ff82ffa4000 	/System/Library/PrivateFrameworks/SpeechRecognitionCore.framework/Versions/A/SpeechRecognitionCore
0x000000010d8fd000 	/Library/Java/JavaVirtualMachines/jdk-11.0.8.jdk/Contents/Home/lib/server/libjvm.dylib
0x000000010cbfe000 	/Library/Java/JavaVirtualMachines/jdk-11.0.8.jdk/Contents/Home/lib/libverify.dylib
0x000000010cc22000 	/Library/Java/JavaVirtualMachines/jdk-11.0.8.jdk/Contents/Home/lib/libjava.dylib
0x000000010cb90000 	/Library/Java/JavaVirtualMachines/jdk-11.0.8.jdk/Contents/Home/lib/libjimage.dylib
0x000000010ccd5000 	/Library/Java/JavaVirtualMachines/jdk-11.0.8.jdk/Contents/Home/lib/libzip.dylib
0x000000010d82e000 	/Library/Java/JavaVirtualMachines/jdk-11.0.8.jdk/Contents/Home/lib/libnio.dylib
0x000000010d873000 	/Library/Java/JavaVirtualMachines/jdk-11.0.8.jdk/Contents/Home/lib/libnet.dylib
0x000000012f967000 	/Users/diegomartinez/.openjfx/cache/13/libprism_es2.dylib
0x00007ff8216b5000 	/System/Library/PrivateFrameworks/CoreServicesInternal.framework/Versions/A/CoreServicesInternal
0x00007ffa3738f000 	/System/Library/Frameworks/OpenGL.framework/Versions/A/Resources/GLEngine.bundle/GLEngine
0x00007ffa371f1000 	/System/Library/Frameworks/OpenGL.framework/Versions/A/Libraries/libGLProgrammability.dylib
0x000000012fb72000 	/System/Library/Extensions/AppleMetalOpenGLRenderer.bundle/Contents/MacOS/AppleMetalOpenGLRenderer
0x00007ffa3751e000 	/System/Library/Frameworks/OpenGL.framework/Versions/A/Resources/GLRendererFloat.bundle/GLRendererFloat
0x00007ffa392fd000 	/System/Library/Extensions/AGXMetal13_3.bundle/Contents/MacOS/AGXMetal13_3
0x00007ff924a5a000 	/System/Library/PrivateFrameworks/GPURawCounter.framework/Versions/A/GPURawCounter
0x00007ff91f5d7000 	/System/Library/PrivateFrameworks/IOGPU.framework/Versions/A/IOGPU
0x000000012ff50000 	/Users/diegomartinez/.openjfx/cache/13/libglass.dylib
0x00007ff831775000 	/System/Library/Frameworks/FileProvider.framework/Versions/A/FileProvider
0x00007ff82539c000 	/System/Library/Frameworks/Accounts.framework/Versions/A/Accounts
0x00007ff8318ed000 	/System/Library/PrivateFrameworks/GenerationalStorage.framework/Versions/A/GenerationalStorage
0x00007ff8323fa000 	/System/Library/PrivateFrameworks/CoreSymbolication.framework/Versions/A/CoreSymbolication
0x00007ff831179000 	/System/Library/PrivateFrameworks/SymptomDiagnosticReporter.framework/Versions/A/SymptomDiagnosticReporter
0x00007ff822974000 	/System/Library/PrivateFrameworks/DesktopServicesPriv.framework/Versions/A/DesktopServicesPriv
0x00007ff8217f6000 	/usr/lib/libsandbox.1.dylib
0x00007ff826b66000 	/System/Library/PrivateFrameworks/UserManagement.framework/Versions/A/UserManagement
0x00007ff8323bf000 	/System/Library/PrivateFrameworks/DebugSymbols.framework/Versions/A/DebugSymbols
0x00007ff82d1ab000 	/System/Library/PrivateFrameworks/NetAuth.framework/Versions/A/NetAuth
0x00007ff82e097000 	/System/Library/PrivateFrameworks/Sharing.framework/Versions/A/Sharing
0x00007ff826b39000 	/System/Library/PrivateFrameworks/login.framework/Versions/A/Frameworks/loginsupport.framework/Versions/A/loginsupport
0x00007ff8334f7000 	/System/Library/PrivateFrameworks/Apple80211.framework/Versions/A/Apple80211
0x00007ff829d88000 	/System/Library/PrivateFrameworks/AuthKit.framework/Versions/A/AuthKit
0x00007ff8293e7000 	/System/Library/PrivateFrameworks/CoreUtils.framework/Versions/A/CoreUtils
0x00007ff82930e000 	/System/Library/Frameworks/CoreWLAN.framework/Versions/A/CoreWLAN
0x00007ff82e1f2000 	/System/Library/Frameworks/IOBluetooth.framework/Versions/A/IOBluetooth
0x00007ff83355f000 	/System/Library/PrivateFrameworks/CoreWiFi.framework/Versions/A/CoreWiFi
0x00007ff831f94000 	/System/Library/PrivateFrameworks/FrontBoardServices.framework/Versions/A/FrontBoardServices
0x00007ff832026000 	/System/Library/PrivateFrameworks/BoardServices.framework/Versions/A/BoardServices
0x00007ff829601000 	/System/Library/PrivateFrameworks/AssertionServices.framework/Versions/A/AssertionServices
0x00007ff8336e3000 	/System/Library/PrivateFrameworks/BackBoardServices.framework/Versions/A/BackBoardServices
0x00007ff82d5f7000 	/System/Library/PrivateFrameworks/CorePhoneNumbers.framework/Versions/A/CorePhoneNumbers
0x00007ff831296000 	/System/Library/PrivateFrameworks/DiskManagement.framework/Versions/A/DiskManagement
0x00007ff8311aa000 	/System/Library/PrivateFrameworks/AppleIDAuthSupport.framework/Versions/A/AppleIDAuthSupport
0x00007ffa3dcc2000 	/System/Library/PrivateFrameworks/AAAFoundation.framework/Versions/A/AAAFoundation
0x00007ff82d5d8000 	/System/Library/PrivateFrameworks/KeychainCircle.framework/Versions/A/KeychainCircle
0x00007ff831262000 	/System/Library/PrivateFrameworks/MediaKit.framework/Versions/A/MediaKit
0x00007ff8311b6000 	/System/Library/Frameworks/DiscRecording.framework/Versions/A/DiscRecording
0x00007ff82aca4000 	/usr/lib/libCoreStorage.dylib
0x00007ff8339d0000 	/usr/lib/libcsfde.dylib
0x00007ff82e2bf000 	/System/Library/PrivateFrameworks/ProtectedCloudStorage.framework/Versions/A/ProtectedCloudStorage
0x00007ff8339cc000 	/System/Library/PrivateFrameworks/EFILogin.framework/Versions/A/EFILogin
0x00007ff831913000 	/System/Library/PrivateFrameworks/OctagonTrust.framework/Versions/A/OctagonTrust
0x00007ffb22349000 	/System/Library/PrivateFrameworks/CoreUtilsExtras.framework/Versions/A/CoreUtilsExtras
0x00007ff8310e9000 	/System/Library/Frameworks/CoreBluetooth.framework/Versions/A/CoreBluetooth
0x00007ff834046000 	/System/Library/Frameworks/AudioUnit.framework/Versions/A/AudioUnit
0x00007ff82ac9c000 	/usr/lib/libMatch.1.dylib
0x00007ff928e12000 	/System/Library/Frameworks/Accelerate.framework/Versions/A/Frameworks/vImage.framework/Versions/A/Libraries/libCGInterfaces.dylib
0x0000000132203000 	/usr/lib/libobjc-trampolines.dylib
0x00007ff826860000 	/System/Library/PrivateFrameworks/ViewBridge.framework/Versions/A/ViewBridge
0x00007ffa3e378000 	/System/Library/PrivateFrameworks/AccessibilityBundles.framework/Versions/A/AccessibilityBundles
0x0000000135733000 	/Users/diegomartinez/.openjfx/cache/13/libjavafx_font.dylib
0x00000001358d1000 	/Users/diegomartinez/.openjfx/cache/13/libjavafx_iio.dylib
0x00007ff82b3f9000 	/System/Library/PrivateFrameworks/login.framework/Versions/A/login
0x00007ffb34c13000 	/usr/lib/libRosetta.dylib


VM Arguments:
jvm_args: --module-path=/Users/diegomartinez/Documents/GitHub/ED_Photos_P1/target/classes:/Users/diegomartinez/.m2/repository/org/openjfx/javafx-base/13/javafx-base-13-mac.jar:/Users/diegomartinez/.m2/repository/org/openjfx/javafx-controls/13/javafx-controls-13-mac.jar:/Users/diegomartinez/.m2/repository/org/openjfx/javafx-fxml/13/javafx-fxml-13-mac.jar:/Users/diegomartinez/.m2/repository/org/openjfx/javafx-graphics/13/javafx-graphics-13-mac.jar --add-modules=com.mycompany.proyecto_ed_photos_p1 -Djdk.module.main=com.mycompany.proyecto_ed_photos_p1 
java_command: com.mycompany.proyecto_ed_photos_p1/com.mycompany.proyecto_ed_photos_p1.App
java_class_path (initial): /Users/diegomartinez/Documents/GitHub/ED_Photos_P1/target/classes:/Users/diegomartinez/.m2/repository/org/openjfx/javafx-base/13/javafx-base-13.jar:/Users/diegomartinez/.m2/repository/org/openjfx/javafx-controls/13/javafx-controls-13.jar:/Users/diegomartinez/.m2/repository/org/openjfx/javafx-fxml/13/javafx-fxml-13.jar:/Users/diegomartinez/.m2/repository/org/openjfx/javafx-graphics/13/javafx-graphics-13.jar
Launcher Type: SUN_STANDARD

[Global flags]
     intx CICompilerCount                          = 4                                         {product} {ergonomic}
     uint ConcGCThreads                            = 2                                         {product} {ergonomic}
     uint G1ConcRefinementThreads                  = 8                                         {product} {ergonomic}
   size_t G1HeapRegionSize                         = 1048576                                   {product} {ergonomic}
    uintx GCDrainStackTargetSize                   = 64                                        {product} {ergonomic}
   size_t InitialHeapSize                          = 134217728                                 {product} {ergonomic}
   size_t MarkStackSize                            = 4194304                                   {product} {ergonomic}
   size_t MaxHeapSize                              = 2147483648                                {product} {ergonomic}
   size_t MaxNewSize                               = 1287651328                                {product} {ergonomic}
   size_t MinHeapDeltaBytes                        = 1048576                                   {product} {ergonomic}
    uintx NonNMethodCodeHeapSize                   = 5836300                                {pd product} {ergonomic}
    uintx NonProfiledCodeHeapSize                  = 122910970                              {pd product} {ergonomic}
    uintx ProfiledCodeHeapSize                     = 122910970                              {pd product} {ergonomic}
    uintx ReservedCodeCacheSize                    = 251658240                              {pd product} {ergonomic}
     bool SegmentedCodeCache                       = true                                      {product} {ergonomic}
     bool UseCompressedClassPointers               = true                                 {lp64_product} {ergonomic}
     bool UseCompressedOops                        = true                                 {lp64_product} {ergonomic}
     bool UseG1GC                                  = true                                      {product} {ergonomic}

Logging:
Log output configuration:
 #0: stdout all=warning uptime,level,tags
 #1: stderr all=off uptime,level,tags

Environment Variables:
JAVA_HOME=/Library/Java/JavaVirtualMachines/jdk-11.0.8.jdk/Contents/Home
PATH=/usr/bin:/bin:/usr/sbin:/sbin
SHELL=/bin/zsh

Signal Handlers:
SIGSEGV: [libjvm.dylib+0x786954], sa_mask[0]=11111111111111111111111111111111, sa_flags=SA_ONSTACK|SA_RESTART|SA_SIGINFO
SIGBUS: [libjvm.dylib+0x786954], sa_mask[0]=11111111111111111111111111111111, sa_flags=SA_RESTART|SA_SIGINFO
SIGFPE: [libjvm.dylib+0x786954], sa_mask[0]=11111111111111111111111111111111, sa_flags=SA_RESTART|SA_SIGINFO
SIGPIPE: [libjvm.dylib+0x637ecb], sa_mask[0]=11111111111111111111111111111111, sa_flags=SA_RESTART|SA_SIGINFO
SIGXFSZ: [libjvm.dylib+0x637ecb], sa_mask[0]=11111111111111111111111111111111, sa_flags=SA_RESTART|SA_SIGINFO
SIGILL: [libjvm.dylib+0x786954], sa_mask[0]=11111111111111111111111111111111, sa_flags=SA_RESTART|SA_SIGINFO
SIGUSR2: [libjvm.dylib+0x6384b5], sa_mask[0]=00100000000000000000000000000000, sa_flags=SA_RESTART|SA_SIGINFO
SIGHUP: [libjvm.dylib+0x636f13], sa_mask[0]=11111111111111111111111111111111, sa_flags=SA_RESTART|SA_SIGINFO
SIGINT: SIG_IGN, sa_mask[0]=11111111011111110111111111111111, sa_flags=none
SIGTERM: [libjvm.dylib+0x636f13], sa_mask[0]=11111111111111111111111111111111, sa_flags=SA_RESTART|SA_SIGINFO
SIGQUIT: [libjvm.dylib+0x636f13], sa_mask[0]=11111111111111111111111111111111, sa_flags=SA_RESTART|SA_SIGINFO


---------------  S Y S T E M  ---------------

OS:uname:Darwin 21.1.0 Darwin Kernel Version 21.1.0: Wed Oct 13 17:33:24 PDT 2021; root:xnu-8019.41.5~1/RELEASE_ARM64_T8101 x86_64
rlimit: STACK 8176k, CORE 0k, NPROC 1333, NOFILE 10240, AS infinity, DATA infinity, FSIZE infinity
load average:2.53 3.01 2.95

CPU:total 8 (initial active 8) (1 cores per cpu, 1 threads per core) family 6 model 44 stepping 0, cmov, cx8, fxsr, mmx, sse, sse2, sse3, ssse3, sse4.1, sse4.2, popcnt, aes, clmul, tsc, tscinvbit, tscinv

Memory: 4k page, physical 8388608k(17952k free)

vm_info: Java HotSpot(TM) 64-Bit Server VM (11.0.8+10-LTS) for bsd-amd64 JRE (11.0.8+10-LTS), built on Jun 16 2020 04:52:58 by "mach5one" with gcc 4.2.1 Compatible Apple LLVM 10.0.0 (clang-1000.11.45.5)

END.
